<?xml version="1.0" encoding="UTF-8" ?>
<testsuite errors="0" failures="0" hostname="instance-1" name="HelloWorldTest" skipped="0" tests="3" time="0.126" timestamp="2017-12-27T17:56:40">
  <properties>
[...]
</properties>
  <testcase classname="HelloWorldTest" name="TestNumToWordFive" time="0.002" />
  <testcase classname="HelloWorldTest" name="TestNumToWordFiveHundred" time="0.0" />
  <testcase classname="HelloWorldTest" name="TestNumToWordHundred" time="0.001" />
  <system-out><![CDATA[]]></system-out>
  <system-err><![CDATA[]]></system-err>
</testsuite>
